<?xml version="1.0" encoding="UTF-8"?>
<testsuite xmlns:xsi="http://www.w3.org/2001/XMLSchema-instance" xsi:noNamespaceSchemaLocation="https://maven.apache.org/surefire/maven-surefire-plugin/xsd/surefire-test-report-3.0.xsd" version="3.0" name="com.telusko.JobApp.JobAppApplicationTests" time="2.685" tests="1" errors="0" skipped="0" failures="0">
  <properties>
[...]
</properties>
  <testcase name="contextLoads" classname="com.telusko.JobApp.JobAppApplicationTests" time="0.72">
    <system-out><![CDATA[14:38:22.702 [main] INFO org.springframework.test.context.support.AnnotationConfigContextLoaderUtils -- Could not detect default configuration classes for test class [com.telusko.JobApp.JobAppApplicationTests]: JobAppApplicationTests does not declare any static, non-private, non-final, nested classes annotated with @Configuration.
14:38:22.801 [main] INFO org.springframework.boot.test.context.SpringBootTestContextBootstrapper -- Found @SpringBootConfiguration com.telusko.JobApp.JobAppApplication for test class com.telusko.JobApp.JobAppApplicationTests
14:38:22.962 [main] INFO org.springframework.boot.devtools.restart.RestartApplicationListener -- Restart disabled due to context in which it is running

  .   ____          _            __ _ _
 /\\ / ___'_ __ _ _(_)_ __  __ _ \ \ \ \
( ( )\___ | '_ | '_| | '_ \/ _` | \ \ \ \
 \\/  ___)| |_)| | | | | || (_| |  ) ) ) )
  '  |____| .__|_| |_|_| |_\__, | / / / /
 =========|_|==============|___/=/_/_/_/
 :: Spring Boot ::                (v3.2.0)

2024-11-23T14:38:23.314+02:00  INFO 13564 --- [JobApp] [           main] c.telusko.JobApp.JobAppApplicationTests  : Starting JobAppApplicationTests using Java 21.0.4 with PID 13564 (started by Rosu in C:\Users\Rosu\Desktop\course\JobApp)
2024-11-23T14:38:23.316+02:00  INFO 13564 --- [JobApp] [           main] c.telusko.JobApp.JobAppApplicationTests  : No active profile set, falling back to 1 default profile: "default"
2024-11-23T14:38:24.496+02:00  INFO 13564 --- [JobApp] [           main] c.telusko.JobApp.JobAppApplicationTests  : Started JobAppApplicationTests in 1.552 seconds (process running for 2.456)
]]></system-out>
    <system-err><![CDATA[WARNING: A Java agent has been loaded dynamically (C:\Users\Rosu\.m2\repository\net\bytebuddy\byte-buddy-agent\1.14.10\byte-buddy-agent-1.14.10.jar)
WARNING: If a serviceability tool is in use, please run with -XX:+EnableDynamicAgentLoading to hide this warning
WARNING: If a serviceability tool is not in use, please run with -Djdk.instrument.traceUsage for more information
WARNING: Dynamic loading of agents will be disallowed by default in a future release
]]></system-err>
  </testcase>
</testsuite>